<?xml version="1.0" encoding="UTF-8"?>
<!-- Generated by org.testng.reporters.JUnitReportReporter -->
<testsuite hostname="DESKTOP-TMMJ66L" failures="0" tests="6" name="testCases.Step_IN_UI" time="59.688" errors="0" timestamp="21 Aug 2019 17:20:59 GMT">
  <testcase classname="testCases.Step_IN_UI" name="TC_UI_Search_StepInForum" time="6.568"/>
  <testcase classname="testCases.Step_IN_UI" name="TC_UI_GetUpNextListAndPost" time="2.074"/>
  <testcase classname="testCases.Step_IN_UI" name="TC_UI_GetVideoNameViaApi" time="17.710"/>
  <testcase classname="testCases.Step_IN_UI" name="TC_UI_SelectQuality" time="5.600"/>
  <testcase classname="testCases.Step_IN_UI" name="TC_UI_Launch_Youtube" time="21.550"/>
  <testcase classname="testCases.Step_IN_UI" name="TC_UI_VideoLink" time="6.186"/>
</testsuite> <!-- testCases.Step_IN_UI -->
