<?xml version="1.0" encoding="UTF-8"?>
<!-- Generated by org.testng.reporters.JUnitReportReporter -->
<testsuite hostname="DESKTOP-TMMJ66L" failures="0" tests="1" name="testCases.Step_IN_UI" time="52.513" errors="0" timestamp="21 Aug 2019 07:18:37 GMT">
  <testcase classname="testCases.Step_IN_UI" name="TC_UI_Fetch_Yuotube" time="52.513"/>
</testsuite> <!-- testCases.Step_IN_UI -->
