<?xml version="1.0" encoding="UTF-8"?>
<!-- Generated by org.testng.reporters.JUnitReportReporter -->
<testsuite hostname="DESKTOP-TMMJ66L" failures="0" tests="5" name="testCases.Step_IN_Mob" time="148.057" errors="0" timestamp="21 Aug 2019 19:46:37 GMT">
  <testcase classname="testCases.Step_IN_Mob" name="TC_Mob_GetVideoNameViaApi" time="73.757"/>
  <testcase classname="testCases.Step_IN_Mob" name="TC_Mob_GetUpNextListAndPost" time="33.923"/>
  <testcase classname="testCases.Step_IN_Mob" name="TC_Mob_VideoLink" time="6.524"/>
  <testcase classname="testCases.Step_IN_Mob" name="TC_Mob_Launch_Youtube" time="21.979"/>
  <testcase classname="testCases.Step_IN_Mob" name="TC_Mob_Search_StepInForum" time="11.874"/>
</testsuite> <!-- testCases.Step_IN_Mob -->
