<?xml version="1.0" encoding="UTF-8"?>
<!-- Generated by org.testng.reporters.JUnitReportReporter -->
<testsuite hostname="WKWZTkkju8qloIl" failures="0" tests="2" name="testCases.Step_IN_Mob" time="38.580" errors="0" timestamp="27 Aug 2024 19:22:46 GMT">
  <testcase classname="testCases.Step_IN_Mob" name="TC_Mob_Search_StepInForum" time="6.194"/>
  <testcase classname="testCases.Step_IN_Mob" name="TC_Mob_Launch_Youtube" time="32.386"/>
</testsuite> <!-- testCases.Step_IN_Mob -->
