<?xml version="1.0" encoding="UTF-8"?>
<!-- Generated by org.testng.reporters.JUnitReportReporter -->
<testsuite hostname="DESKTOP-4LQSPJF" failures="0" tests="2" name="testCases.TestCase" time="202.348" errors="0" timestamp="19 Aug 2019 12:59:48 GMT">
  <testcase classname="testCases.TestCase" name="TC_01_AddProfile_ValidData" time="53.783"/>
  <testcase classname="testCases.TestCase" name="TC_02_AddProfile_ValidData" time="148.565"/>
</testsuite> <!-- testCases.TestCase -->
