<?xml version="1.0" encoding="UTF-8"?>
<!-- Generated by org.testng.reporters.JUnitReportReporter -->
<testsuite hostname="DESKTOP-TMMJ66L" failures="0" tests="1" name="testCases.TestCase" time="25.456" errors="0" timestamp="16 Aug 2019 17:04:55 GMT">
  <testcase classname="testCases.TestCase" name="TC_01_AddProfile_ValidData" time="25.456"/>
</testsuite> <!-- testCases.TestCase -->
