<?xml version="1.0" encoding="UTF-8"?>
<!-- Generated by org.testng.reporters.JUnitReportReporter -->
<testsuite hostname="IN-LT72482" failures="0" tests="1" name="testCases.TestCase" time="5.774" errors="0" timestamp="14 Aug 2019 11:48:55 GMT">
  <testcase classname="testCases.TestCase" name="TC_01_AddProfile_ValidData" time="5.774"/>
</testsuite> <!-- testCases.TestCase -->
