<?xml version="1.0" encoding="UTF-8"?>
<!-- Generated by org.testng.reporters.JUnitReportReporter -->
<testsuite hostname="WKWZTkkju8qloIl" failures="0" tests="3" name="testCases.Step_IN_Mob" time="25.304" errors="0" timestamp="28 Aug 2024 06:05:51 GMT">
  <testcase classname="testCases.Step_IN_Mob" name="TC_Mob_Launch" time="17.075"/>
  <testcase classname="testCases.Step_IN_Mob" name="TC_Mob_GetProducts" time="3.011"/>
  <testcase classname="testCases.Step_IN_Mob" name="TC_Mob_GoToDetailPage" time="5.218"/>
</testsuite> <!-- testCases.Step_IN_Mob -->
