<?xml version="1.0" encoding="UTF-8"?>
<!-- Generated by org.testng.reporters.JUnitReportReporter -->
<testsuite hostname="WKWZTkkju8qloIl" failures="0" tests="2" name="testCases.Step_IN_Sequential" time="98.747" errors="0" timestamp="28 Aug 2024 21:13:01 GMT">
  <testcase classname="testCases.Step_IN_Sequential" name="TC_Mob_Launch" time="75.956"/>
  <testcase classname="testCases.Step_IN_Sequential" name="MobileNavigate" time="22.791"/>
</testsuite> <!-- testCases.Step_IN_Sequential -->
