<?xml version="1.0" encoding="UTF-8"?>
<!-- Generated by org.testng.reporters.JUnitReportReporter -->
<testsuite hostname="WKWZTkkju8qloIl" failures="0" tests="2" name="testCases.Step_IN_UI" time="55.713" errors="0" timestamp="28 Aug 2024 06:50:10 GMT">
  <testcase classname="testCases.Step_IN_UI" name="TC_UI_Launch_IndianExpress" time="13.992"/>
  <testcase classname="testCases.Step_IN_UI" name="TC_UI_Search_StepInForum" time="41.721"/>
</testsuite> <!-- testCases.Step_IN_UI -->
