<?xml version="1.0" encoding="UTF-8"?>
<!-- Generated by org.testng.reporters.JUnitReportReporter -->
<testsuite hostname="WKWZTkkju8qloIl" failures="0" tests="3" name="testCases.Step_IN_Mob" time="46.423" errors="0" timestamp="28 Aug 2024 07:16:45 GMT">
  <testcase classname="testCases.Step_IN_Mob" name="TC_Mob_GoToDetailPage" time="13.733"/>
  <testcase classname="testCases.Step_IN_Mob" name="TC_Mob_GetProducts" time="4.703"/>
  <testcase classname="testCases.Step_IN_Mob" name="TC_Mob_Launch" time="27.987"/>
</testsuite> <!-- testCases.Step_IN_Mob -->
