<?xml version="1.0" encoding="UTF-8"?>
<!-- Generated by org.testng.reporters.JUnitReportReporter -->
<testsuite hostname="WKWZTkkju8qloIl" failures="0" tests="5" name="testCases.Step_IN_Sequential" time="94.652" errors="0" timestamp="28 Aug 2024 09:04:45 GMT">
  <testcase classname="testCases.Step_IN_Sequential" name="TC_UI_Search_StepInForum" time="50.125"/>
  <testcase classname="testCases.Step_IN_Sequential" name="TC_Mob_Launch" time="19.571"/>
  <testcase classname="testCases.Step_IN_Sequential" name="TC_Mob_GetProducts" time="5.692"/>
  <testcase classname="testCases.Step_IN_Sequential" name="TC_Mob_GoToDetailPage" time="5.418"/>
  <testcase classname="testCases.Step_IN_Sequential" name="TC_UI_Launch_IndianExpress" time="13.846"/>
</testsuite> <!-- testCases.Step_IN_Sequential -->
