<?xml version="1.0" encoding="UTF-8"?>
<!-- Generated by org.testng.reporters.JUnitReportReporter -->
<testsuite hostname="WKWZTkkju8qloIl" failures="0" tests="5" name="testCases.Step_IN_Sequential" time="117.145" errors="0" timestamp="28 Aug 2024 07:11:57 GMT">
  <testcase classname="testCases.Step_IN_Sequential" name="TC_UI_Search_StepInForum" time="63.519"/>
  <testcase classname="testCases.Step_IN_Sequential" name="TC_Mob_GoToDetailPage" time="6.758"/>
  <testcase classname="testCases.Step_IN_Sequential" name="TC_Mob_GetProducts" time="3.785"/>
  <testcase classname="testCases.Step_IN_Sequential" name="TC_Mob_Launch" time="31.426"/>
  <testcase classname="testCases.Step_IN_Sequential" name="TC_UI_Launch_IndianExpress" time="11.657"/>
</testsuite> <!-- testCases.Step_IN_Sequential -->
