<?xml version="1.0" encoding="UTF-8"?>
<!-- Generated by org.testng.reporters.JUnitReportReporter -->
<testsuite hostname="WKWZTkkju8qloIl" failures="0" tests="3" name="testCases.Step_IN_Mob" time="32.303" errors="0" timestamp="28 Aug 2024 07:07:29 GMT">
  <testcase classname="testCases.Step_IN_Mob" name="TC_Mob_Launch" time="20.100"/>
  <testcase classname="testCases.Step_IN_Mob" name="TC_Mob_GetProducts" time="6.655"/>
  <testcase classname="testCases.Step_IN_Mob" name="TC_Mob_GoToDetailPage" time="5.548"/>
</testsuite> <!-- testCases.Step_IN_Mob -->
