<?xml version="1.0" encoding="UTF-8"?>
<!-- Generated by org.testng.reporters.JUnitReportReporter -->
<testsuite hostname="WKWZTkkju8qloIl" failures="0" tests="2" name="testCases.Step_IN_UI" time="1378.472" errors="0" timestamp="28 Aug 2024 16:14:01 GMT">
  <testcase classname="testCases.Step_IN_UI" name="TC_UI_Launch_IndianExpress" time="435.847"/>
  <testcase classname="testCases.Step_IN_UI" name="TC_UI_Validation_IndianExpress" time="942.625"/>
</testsuite> <!-- testCases.Step_IN_UI -->
