<?xml version="1.0" encoding="UTF-8"?>
<!-- Generated by org.testng.reporters.JUnitReportReporter -->
<testsuite hostname="DESKTOP-EGPPPVI" failures="0" tests="1" name="testCases.TestCase" time="5.901" errors="0" timestamp="20 Aug 2019 09:08:21 GMT">
  <testcase classname="testCases.TestCase" name="TC_01_AddProfile_ValidData" time="5.901"/>
</testsuite> <!-- testCases.TestCase -->
