<?xml version="1.0" encoding="UTF-8"?>
<!-- Generated by org.testng.reporters.JUnitReportReporter -->
<testsuite hostname="WKWZTkkju8qloIl" failures="0" tests="5" name="testCases.Step_IN_Sequential" time="138.341" errors="0" timestamp="28 Aug 2024 08:40:26 GMT">
  <testcase classname="testCases.Step_IN_Sequential" name="TC_UI_Search_StepInForum" time="81.952"/>
  <testcase classname="testCases.Step_IN_Sequential" name="TC_Mob_Launch" time="24.099"/>
  <testcase classname="testCases.Step_IN_Sequential" name="TC_Mob_GetProducts" time="9.343"/>
  <testcase classname="testCases.Step_IN_Sequential" name="TC_Mob_GoToDetailPage" time="5.747"/>
  <testcase classname="testCases.Step_IN_Sequential" name="TC_UI_Launch_IndianExpress" time="17.200"/>
</testsuite> <!-- testCases.Step_IN_Sequential -->
