<?xml version="1.0" encoding="UTF-8"?>
<!-- Generated by org.testng.reporters.JUnitReportReporter -->
<testsuite hostname="DESKTOP-TMMJ66L" failures="0" tests="1" name="testCases.TestCase" time="18.300" errors="0" timestamp="19 Aug 2019 13:14:48 GMT">
  <testcase classname="testCases.TestCase" name="TC_01_AddProfile_ValidData" time="18.300"/>
</testsuite> <!-- testCases.TestCase -->
